<?xml version="1.0" encoding="UTF-8"?>
<coverage generated="1666838723696" clover="3.2.0">
  <project timestamp="1666838723698" name="All files">
    <metrics statements="33" coveredstatements="18" conditionals="0" coveredconditionals="0" methods="8" coveredmethods="2" elements="41" coveredelements="20" complexity="0" loc="33" ncloc="33" packages="2" files="3" classes="3"/>
    <package name="tpk2022-azure-back">
      <metrics statements="25" coveredstatements="15" conditionals="0" coveredconditionals="0" methods="5" coveredmethods="2"/>
      <file name="app.js" path="D:\node\azure\tpk2022-azure-back\app.js">
        <metrics statements="22" coveredstatements="12" conditionals="0" coveredconditionals="0" methods="4" coveredmethods="1"/>
        <line num="1" count="1" type="stmt"/>
        <line num="2" count="1" type="stmt"/>
        <line num="3" count="1" type="stmt"/>
        <line num="5" count="1" type="stmt"/>
        <line num="8" count="1" type="stmt"/>
        <line num="9" count="1" type="stmt"/>
        <line num="11" count="1" type="stmt"/>
        <line num="12" count="1" type="stmt"/>
        <line num="15" count="1" type="stmt"/>
        <line num="16" count="0" type="stmt"/>
        <line num="17" count="0" type="stmt"/>
        <line num="20" count="0" type="stmt"/>
        <line num="24" count="1" type="stmt"/>
        <line num="25" count="0" type="stmt"/>
        <line num="26" count="0" type="stmt"/>
        <line num="27" count="0" type="stmt"/>
        <line num="31" count="1" type="stmt"/>
        <line num="32" count="0" type="stmt"/>
        <line num="33" count="0" type="stmt"/>
        <line num="34" count="0" type="stmt"/>
        <line num="35" count="0" type="stmt"/>
        <line num="39" count="1" type="stmt"/>
      </file>
      <file name="sum.js" path="D:\node\azure\tpk2022-azure-back\sum.js">
        <metrics statements="3" coveredstatements="3" conditionals="0" coveredconditionals="0" methods="1" coveredmethods="1"/>
        <line num="1" count="1" type="stmt"/>
        <line num="2" count="2" type="stmt"/>
        <line num="6" count="1" type="stmt"/>
      </file>
    </package>
    <package name="tpk2022-azure-back.database">
      <metrics statements="8" coveredstatements="3" conditionals="0" coveredconditionals="0" methods="3" coveredmethods="0"/>
      <file name="database.local.js" path="D:\node\azure\tpk2022-azure-back\database\database.local.js">
        <metrics statements="8" coveredstatements="3" conditionals="0" coveredconditionals="0" methods="3" coveredmethods="0"/>
        <line num="3" count="1" type="stmt"/>
        <line num="4" count="1" type="stmt"/>
        <line num="7" count="0" type="stmt"/>
        <line num="8" count="0" type="stmt"/>
        <line num="9" count="0" type="stmt"/>
        <line num="13" count="0" type="stmt"/>
        <line num="17" count="0" type="stmt"/>
        <line num="20" count="1" type="stmt"/>
      </file>
    </package>
  </project>
</coverage>
