TN:
SF:app.js
FN:11,(anonymous_0)
FN:15,(anonymous_1)
FN:24,(anonymous_2)
FN:31,(anonymous_3)
FNF:4
FNH:1
FNDA:1,(anonymous_0)
FNDA:0,(anonymous_1)
FNDA:0,(anonymous_2)
FNDA:0,(anonymous_3)
DA:1,1
DA:2,1
DA:3,1
DA:5,1
DA:8,1
DA:9,1
DA:11,1
DA:12,1
DA:15,1
DA:16,0
DA:17,0
DA:20,0
DA:24,1
DA:25,0
DA:26,0
DA:27,0
DA:31,1
DA:32,0
DA:33,0
DA:34,0
DA:35,0
DA:39,1
LF:22
LH:12
BRF:0
BRH:0
end_of_record
TN:
SF:sum.js
FN:1,(anonymous_0)
FNF:1
FNH:1
FNDA:2,(anonymous_0)
DA:1,1
DA:2,2
DA:6,1
LF:3
LH:3
BRF:0
BRH:0
end_of_record
TN:
SF:database\database.local.js
FN:6,gravarDados
FN:12,buscaTodosDados
FN:16,buscaDados
FNF:3
FNH:0
FNDA:0,gravarDados
FNDA:0,buscaTodosDados
FNDA:0,buscaDados
DA:3,1
DA:4,1
DA:7,0
DA:8,0
DA:9,0
DA:13,0
DA:17,0
DA:20,1
LF:8
LH:3
BRF:0
BRH:0
end_of_record
